<?xml version="1.0" encoding="UTF-8" standalone="yes" ?>
<!DOCTYPE report PUBLIC "-//JACOCO//DTD Report 1.0//EN" "report.dtd">
<report name="Report">
    <sessioninfo id="localhost-928aa0b3" start="13389924807" dump="13390219957" />
    <package name="com/android/vcard">
        <class name="com/android/vcard/VCardEntryCounter">
            <method name="&lt;init&gt;" desc="()V" line="21">
                <counter type="INSTRUCTION" missed="2" covered="0" />
                <counter type="LINE" missed="1" covered="0" />
            </method>
            <method name="getCount" desc="()I" line="25">
                <counter type="INSTRUCTION" missed="2" covered="0" />
                <counter type="LINE" missed="1" covered="0" />
            </method>
            <method name="onEntryEnded" desc="()V" line="41">
                <counter type="INSTRUCTION" missed="4" covered="0" />
                <counter type="LINE" missed="2" covered="0" />
            </method>
            <method name="onEntryStarted" desc="()V" line="37">
                <counter type="INSTRUCTION" missed="1" covered="0" />
                <counter type="LINE" missed="1" covered="0" />
            </method>
            <method name="onVCardEnded" desc="()V" line="33">
                <counter type="INSTRUCTION" missed="1" covered="0" />
                <counter type="LINE" missed="1" covered="0" />
            </method>
            <method name="onVCardStarted" desc="()V" line="29">
                <counter type="INSTRUCTION" missed="1" covered="0" />
                <counter type="LINE" missed="1" covered="0" />
            </method>
            <counter type="INSTRUCTION" missed="12" covered="0" />
            <counter type="LINE" missed="8" covered="0" />
            <counter type="CLASS" missed="1" covered="0" />
        </class>
        <class name="com/android/vcard/VCardEntry$PostalData">
            <method name="getCountry" desc="()Ljava/lang/String;" line="715">
                <counter type="INSTRUCTION" missed="2" covered="0" />
                <counter type="LINE" missed="1" covered="0" />
            </method>
            <method name="isEmpty" desc="()Z" line="632">
                <counter type="INSTRUCTION" missed="11" covered="16" />
                <counter type="BRANCH" missed="4" covered="8" />
                <counter type="LINE" missed="0" covered="7" />
            </method>
            <counter type="INSTRUCTION" missed="109" covered="255" />
            <counter type="BRANCH" missed="28" covered="48" />
            <counter type="LINE" missed="25" covered="91" />
            <counter type="CLASS" missed="1" covered="0" />
        </class>
        <sourcefile name="VCardEntryCounter.java">
            <line nr="21" mi="2" ci="0" mb="0" cb="0" />
            <line nr="25" mi="2" ci="0" mb="0" cb="0" />
            <line nr="29" mi="1" ci="0" mb="0" cb="0" />
            <line nr="33" mi="1" ci="0" mb="0" cb="0" />
            <line nr="37" mi="1" ci="0" mb="0" cb="0" />
            <line nr="41" mi="1" ci="0" mb="0" cb="0" />
            <line nr="42" mi="3" ci="0" mb="0" cb="0" />
            <line nr="46" mi="1" ci="0" mb="0" cb="0" />
            <counter type="INSTRUCTION" missed="12" covered="0" />
            <counter type="LINE" missed="8" covered="0" />
            <counter type="CLASS" missed="1" covered="0" />
        </sourcefile>
        <sourcefile name="VCardEntry.java">
            <line nr="68" mi="0" ci="1" mb="0" cb="0" />
            <line nr="73" mi="0" ci="3" mb="0" cb="0" />
            <line nr="76" mi="0" ci="4" mb="0" cb="0" />
            <line nr="77" mi="0" ci="4" mb="0" cb="0" />
            <line nr="78" mi="0" ci="4" mb="0" cb="0" />
            <line nr="79" mi="0" ci="4" mb="0" cb="0" />
            <line nr="80" mi="0" ci="4" mb="0" cb="0" />
            <line nr="81" mi="0" ci="4" mb="0" cb="0" />
            <line nr="82" mi="0" ci="4" mb="0" cb="0" />
            <line nr="83" mi="0" ci="3" mb="0" cb="0" />
            <line nr="84" mi="0" ci="1" mb="0" cb="0" />
            <line nr="87" mi="6" ci="33" mb="0" cb="0" />
            <line nr="88" mi="0" ci="4" mb="0" cb="0" />
            <line nr="89" mi="0" ci="4" mb="0" cb="0" />
            <line nr="90" mi="0" ci="4" mb="0" cb="0" />
            <line nr="91" mi="0" ci="4" mb="0" cb="0" />
            <line nr="92" mi="0" ci="4" mb="0" cb="0" />
            <line nr="93" mi="0" ci="4" mb="0" cb="0" />
            <line nr="94" mi="0" ci="4" mb="0" cb="0" />
            <line nr="95" mi="0" ci="4" mb="0" cb="0" />
            <line nr="96" mi="0" ci="4" mb="0" cb="0" />
            <line nr="97" mi="0" ci="4" mb="0" cb="0" />
            <line nr="98" mi="0" ci="4" mb="0" cb="0" />
            <line nr="99" mi="0" ci="4" mb="0" cb="0" />
            <line nr="100" mi="0" ci="4" mb="0" cb="0" />
            <line nr="101" mi="0" ci="4" mb="0" cb="0" />
            <line nr="121" mi="0" ci="2" mb="0" cb="0" />
            <line nr="150" mi="0" ci="10" mb="0" cb="8" />
            <line nr="151" mi="0" ci="6" mb="0" cb="0" />
            <line nr="152" mi="0" ci="3" mb="0" cb="0" />
            <line nr="156" mi="0" ci="8" mb="0" cb="4" />
            <line nr="157" mi="0" ci="3" mb="0" cb="0" />
            <line nr="162" mi="0" ci="1" mb="0" cb="0" />
            <line nr="163" mi="0" ci="1" mb="0" cb="0" />
            <line nr="164" mi="0" ci="1" mb="0" cb="0" />
            <line nr="165" mi="0" ci="2" mb="0" cb="0" />
            <line nr="166" mi="0" ci="3" mb="0" cb="0" />
            <line nr="168" mi="0" ci="4" mb="0" cb="2" />
            <line nr="169" mi="0" ci="3" mb="0" cb="0" />
            <line nr="171" mi="0" ci="4" mb="0" cb="2" />
            <line nr="172" mi="0" ci="3" mb="0" cb="0" />
            <line nr="174" mi="0" ci="4" mb="0" cb="2" />
            <line nr="175" mi="0" ci="3" mb="0" cb="0" />
            <line nr="177" mi="0" ci="4" mb="0" cb="2" />
            <line nr="178" mi="0" ci="3" mb="0" cb="0" />
            <line nr="180" mi="0" ci="4" mb="0" cb="2" />
            <line nr="181" mi="0" ci="3" mb="0" cb="0" />
            <line nr="184" mi="0" ci="1" mb="0" cb="0" />
            <line nr="186" mi="0" ci="4" mb="0" cb="2" />
            <line nr="187" mi="0" ci="3" mb="0" cb="0" />
            <line nr="188" mi="0" ci="1" mb="0" cb="0" />
            <line nr="190" mi="0" ci="4" mb="0" cb="2" />
            <line nr="191" mi="0" ci="3" mb="0" cb="0" />
            <line nr="192" mi="0" ci="1" mb="0" cb="0" />
            <line nr="194" mi="0" ci="4" mb="0" cb="2" />
            <line nr="195" mi="0" ci="3" mb="0" cb="0" />
            <line nr="196" mi="0" ci="1" mb="0" cb="0" />
            <line nr="201" mi="0" ci="2" mb="0" cb="2" />
            <line nr="202" mi="0" ci="3" mb="0" cb="0" />
            <line nr="205" mi="0" ci="3" mb="0" cb="0" />
            <line nr="206" mi="0" ci="2" mb="0" cb="0" />
            <line nr="211" mi="0" ci="15" mb="0" cb="18" />
            <line nr="212" mi="0" ci="6" mb="0" cb="0" />
            <line nr="213" mi="0" ci="6" mb="0" cb="0" />
            <line nr="214" mi="0" ci="6" mb="0" cb="0" />
            <line nr="215" mi="0" ci="6" mb="0" cb="0" />
            <line nr="220" mi="0" ci="3" mb="1" cb="1" />
            <line nr="221" mi="1" ci="0" mb="0" cb="0" />
            <line nr="223" mi="0" ci="3" mb="1" cb="1" />
            <line nr="224" mi="1" ci="0" mb="0" cb="0" />
            <line nr="226" mi="0" ci="1" mb="0" cb="0" />
            <line nr="228" mi="1" ci="13" mb="9" cb="9" />
            <line nr="229" mi="0" ci="3" mb="0" cb="0" />
            <line nr="230" mi="1" ci="3" mb="0" cb="0" />
            <line nr="231" mi="1" ci="3" mb="0" cb="0" />
            <line nr="232" mi="1" ci="3" mb="0" cb="0" />
            <line nr="233" mi="1" ci="3" mb="0" cb="0" />
            <line nr="234" mi="1" ci="3" mb="0" cb="0" />
            <line nr="235" mi="1" ci="3" mb="0" cb="0" />
            <line nr="236" mi="1" ci="3" mb="0" cb="0" />
            <line nr="237" mi="1" ci="3" mb="0" cb="0" />
            <line nr="242" mi="12" ci="0" mb="0" cb="0" />
            <line nr="243" mi="6" ci="0" mb="0" cb="0" />
            <line nr="244" mi="4" ci="0" mb="0" cb="0" />
            <line nr="245" mi="1" ci="0" mb="0" cb="0" />
            <line nr="246" mi="7" ci="0" mb="2" cb="0" />
            <line nr="247" mi="7" ci="0" mb="2" cb="0" />
            <line nr="249" mi="1" ci="0" mb="0" cb="0" />
            <line nr="254" mi="0" ci="4" mb="0" cb="0" />
            <line nr="255" mi="0" ci="10" mb="0" cb="0" />
            <line nr="260" mi="0" ci="2" mb="0" cb="0" />
            <line nr="264" mi="0" ci="2" mb="0" cb="0" />
            <line nr="268" mi="0" ci="2" mb="0" cb="0" />
            <line nr="272" mi="0" ci="2" mb="0" cb="0" />
            <line nr="276" mi="0" ci="2" mb="0" cb="0" />
            <line nr="280" mi="0" ci="2" mb="0" cb="0" />
            <line nr="284" mi="2" ci="0" mb="0" cb="0" />
            <line nr="288" mi="2" ci="0" mb="0" cb="0" />
            <line nr="292" mi="0" ci="2" mb="0" cb="0" />
            <line nr="294" mi="0" ci="2" mb="0" cb="0" />
            <line nr="296" mi="0" ci="2" mb="0" cb="0" />
            <line nr="298" mi="0" ci="2" mb="0" cb="0" />
            <line nr="300" mi="0" ci="2" mb="0" cb="0" />
            <line nr="313" mi="0" ci="2" mb="0" cb="0" />
            <line nr="314" mi="0" ci="1" mb="0" cb="0" />
            <line nr="315" mi="0" ci="1" mb="0" cb="0" />
            <line nr="316" mi="0" ci="1" mb="0" cb="0" />
            <line nr="317" mi="0" ci="1" mb="0" cb="0" />
            <line nr="322" mi="0" ci="1" mb="0" cb="0" />
            <line nr="323" mi="0" ci="1" mb="0" cb="0" />
            <line nr="324" mi="0" ci="1" mb="0" cb="0" />
            <line nr="325" mi="0" ci="2" mb="0" cb="0" />
            <line nr="326" mi="0" ci="3" mb="0" cb="0" />
            <line nr="328" mi="0" ci="4" mb="0" cb="0" />
            <line nr="329" mi="0" ci="4" mb="0" cb="2" />
            <line nr="330" mi="0" ci="3" mb="0" cb="0" />
            <line nr="332" mi="0" ci="3" mb="0" cb="0" />
            <line nr="333" mi="0" ci="2" mb="0" cb="2" />
            <line nr="334" mi="0" ci="3" mb="0" cb="0" />
            <line nr="336" mi="0" ci="2" mb="0" cb="0" />
            <line nr="341" mi="0" ci="3" mb="0" cb="0" />
            <line nr="346" mi="0" ci="3" mb="1" cb="1" />
            <line nr="347" mi="1" ci="0" mb="0" cb="0" />
            <line nr="349" mi="0" ci="3" mb="1" cb="1" />
            <line nr="350" mi="1" ci="0" mb="0" cb="0" />
            <line nr="352" mi="0" ci="1" mb="0" cb="0" />
            <line nr="353" mi="1" ci="8" mb="3" cb="3" />
            <line nr="354" mi="0" ci="3" mb="0" cb="0" />
            <line nr="355" mi="1" ci="3" mb="0" cb="0" />
            <line nr="356" mi="2" ci="6" mb="1" cb="1" />
            <line nr="361" mi="1" ci="0" mb="0" cb="0" />
            <line nr="362" mi="9" ci="0" mb="2" cb="0" />
            <line nr="363" mi="9" ci="0" mb="2" cb="0" />
            <line nr="364" mi="6" ci="0" mb="2" cb="0" />
            <line nr="365" mi="1" ci="0" mb="0" cb="0" />
            <line nr="370" mi="0" ci="9" mb="0" cb="0" />
            <line nr="371" mi="0" ci="5" mb="0" cb="0" />
            <line nr="376" mi="0" ci="2" mb="0" cb="0" />
            <line nr="380" mi="0" ci="2" mb="0" cb="0" />
            <line nr="384" mi="2" ci="0" mb="0" cb="0" />
            <line nr="388" mi="2" ci="0" mb="0" cb="0" />
            <line nr="392" mi="2" ci="0" mb="0" cb="0" />
            <line nr="403" mi="0" ci="2" mb="0" cb="0" />
            <line nr="404" mi="0" ci="1" mb="0" cb="0" />
            <line nr="405" mi="0" ci="1" mb="0" cb="0" />
            <line nr="406" mi="0" ci="1" mb="0" cb="0" />
            <line nr="407" mi="0" ci="1" mb="0" cb="0" />
            <line nr="412" mi="0" ci="1" mb="0" cb="0" />
            <line nr="413" mi="0" ci="1" mb="0" cb="0" />
            <line nr="414" mi="0" ci="1" mb="0" cb="0" />
            <line nr="415" mi="0" ci="2" mb="0" cb="0" />
            <line nr="416" mi="0" ci="3" mb="0" cb="0" />
            <line nr="418" mi="0" ci="4" mb="0" cb="0" />
            <line nr="419" mi="0" ci="4" mb="0" cb="2" />
            <line nr="420" mi="0" ci="3" mb="0" cb="0" />
            <line nr="422" mi="0" ci="3" mb="0" cb="0" />
            <line nr="423" mi="0" ci="2" mb="0" cb="2" />
            <line nr="424" mi="0" ci="3" mb="0" cb="0" />
            <line nr="426" mi="0" ci="2" mb="0" cb="0" />
            <line nr="431" mi="0" ci="3" mb="0" cb="0" />
            <line nr="436" mi="0" ci="3" mb="1" cb="1" />
            <line nr="437" mi="1" ci="0" mb="0" cb="0" />
            <line nr="439" mi="0" ci="3" mb="1" cb="1" />
            <line nr="440" mi="1" ci="0" mb="0" cb="0" />
            <line nr="442" mi="0" ci="1" mb="0" cb="0" />
            <line nr="443" mi="1" ci="8" mb="3" cb="3" />
            <line nr="444" mi="0" ci="3" mb="0" cb="0" />
            <line nr="445" mi="1" ci="3" mb="0" cb="0" />
            <line nr="446" mi="2" ci="6" mb="1" cb="1" />
            <line nr="451" mi="1" ci="0" mb="0" cb="0" />
            <line nr="452" mi="9" ci="0" mb="2" cb="0" />
            <line nr="453" mi="9" ci="0" mb="2" cb="0" />
            <line nr="454" mi="6" ci="0" mb="2" cb="0" />
            <line nr="455" mi="1" ci="0" mb="0" cb="0" />
            <line nr="460" mi="0" ci="9" mb="0" cb="0" />
            <line nr="461" mi="0" ci="5" mb="0" cb="0" />
            <line nr="466" mi="0" ci="2" mb="0" cb="0" />
            <line nr="470" mi="2" ci="0" mb="0" cb="0" />
            <line nr="474" mi="2" ci="0" mb="0" cb="0" />
            <line nr="478" mi="2" ci="0" mb="0" cb="0" />
            <line nr="482" mi="2" ci="0" mb="0" cb="0" />
            <line nr="505" mi="0" ci="1" mb="0" cb="0" />
            <line nr="507" mi="0" ci="1" mb="0" cb="0" />
            <line nr="508" mi="0" ci="1" mb="0" cb="0" />
            <line nr="509" mi="0" ci="1" mb="0" cb="0" />
            <line nr="510" mi="0" ci="1" mb="0" cb="0" />
            <line nr="511" mi="0" ci="1" mb="0" cb="0" />
            <line nr="512" mi="0" ci="1" mb="0" cb="0" />
            <line nr="513" mi="0" ci="1" mb="0" cb="0" />
            <line nr="514" mi="0" ci="1" mb="0" cb="0" />
            <line nr="515" mi="0" ci="1" mb="0" cb="0" />
            <line nr="516" mi="0" ci="1" mb="0" cb="0" />
            <line nr="517" mi="0" ci="1" mb="0" cb="0" />
            <line nr="518" mi="0" ci="1" mb="0" cb="0" />
            <line nr="526" mi="0" ci="1" mb="0" cb="0" />
            <line nr="528" mi="0" ci="1" mb="0" cb="0" />
            <line nr="529" mi="0" ci="3" mb="1" cb="1" />
            <line nr="530" mi="1" ci="0" mb="0" cb="0" />
            <line nr="538" mi="0" ci="1" mb="0" cb="0" />
            <line nr="539" mi="0" ci="5" mb="0" cb="2" />
            <line nr="540" mi="0" ci="1" mb="0" cb="0" />
            <line nr="541" mi="0" ci="5" mb="0" cb="2" />
            <line nr="542" mi="0" ci="1" mb="0" cb="0" />
            <line nr="545" mi="0" ci="3" mb="0" cb="2" />
            <line nr="546" mi="0" ci="3" mb="0" cb="0" />
            <line nr="549" mi="0" ci="7" mb="0" cb="0" />
            <line nr="550" mi="0" ci="3" mb="0" cb="0" />
            <line nr="555" mi="0" ci="1" mb="0" cb="0" />
            <line nr="556" mi="0" ci="1" mb="0" cb="0" />
            <line nr="557" mi="0" ci="1" mb="0" cb="0" />
            <line nr="558" mi="0" ci="2" mb="0" cb="0" />
            <line nr="559" mi="0" ci="3" mb="0" cb="0" />
            <line nr="561" mi="0" ci="4" mb="0" cb="0" />
            <line nr="562" mi="0" ci="4" mb="0" cb="2" />
            <line nr="563" mi="0" ci="3" mb="0" cb="0" />
            <line nr="567" mi="0" ci="3" mb="0" cb="2" />
            <line nr="568" mi="0" ci="3" mb="1" cb="1" />
            <line nr="569" mi="1" ci="0" mb="0" cb="0" />
            <line nr="571" mi="0" ci="1" mb="0" cb="0" />
            <line nr="574" mi="0" ci="3" mb="1" cb="1" />
            <line nr="575" mi="0" ci="1" mb="0" cb="0" />
            <line nr="577" mi="9" ci="0" mb="0" cb="0" />
            <line nr="580" mi="0" ci="3" mb="0" cb="0" />
            <line nr="581" mi="0" ci="2" mb="0" cb="0" />
            <line nr="582" mi="0" ci="3" mb="0" cb="0" />
            <line nr="583" mi="0" ci="3" mb="0" cb="0" />
            <line nr="584" mi="0" ci="3" mb="0" cb="0" />
            <line nr="585" mi="0" ci="3" mb="0" cb="0" />
            <line nr="587" mi="0" ci="4" mb="0" cb="0" />
            <line nr="588" mi="0" ci="2" mb="1" cb="1" />
            <line nr="589" mi="3" ci="0" mb="0" cb="0" />
            <line nr="591" mi="0" ci="2" mb="0" cb="0" />
            <line nr="595" mi="0" ci="3" mb="0" cb="0" />
            <line nr="596" mi="0" ci="1" mb="0" cb="0" />
            <line nr="597" mi="0" ci="2" mb="0" cb="0" />
            <line nr="598" mi="0" ci="14" mb="0" cb="0" />
            <line nr="600" mi="0" ci="2" mb="0" cb="2" />
            <line nr="602" mi="0" ci="5" mb="0" cb="2" />
            <line nr="603" mi="0" ci="1" mb="0" cb="0" />
            <line nr="604" mi="0" ci="3" mb="0" cb="2" />
            <line nr="605" mi="0" ci="2" mb="0" cb="2" />
            <line nr="606" mi="0" ci="1" mb="0" cb="0" />
            <line nr="608" mi="0" ci="1" mb="0" cb="0" />
            <line nr="610" mi="0" ci="1" mb="0" cb="0" />
            <line nr="614" mi="0" ci="5" mb="0" cb="2" />
            <line nr="615" mi="0" ci="1" mb="0" cb="0" />
            <line nr="616" mi="0" ci="3" mb="0" cb="2" />
            <line nr="617" mi="0" ci="2" mb="0" cb="2" />
            <line nr="618" mi="0" ci="1" mb="0" cb="0" />
            <line nr="620" mi="0" ci="1" mb="0" cb="0" />
            <line nr="622" mi="0" ci="1" mb="0" cb="0" />
            <line nr="627" mi="0" ci="3" mb="0" cb="0" />
            <line nr="632" mi="3" ci="7" mb="4" cb="8" />
            <line nr="633" mi="0" ci="2" mb="0" cb="0" />
            <line nr="634" mi="0" ci="3" mb="0" cb="0" />
            <line nr="635" mi="2" ci="1" mb="0" cb="0" />
            <line nr="636" mi="2" ci="1" mb="0" cb="0" />
            <line nr="637" mi="2" ci="1" mb="0" cb="0" />
            <line nr="638" mi="2" ci="1" mb="0" cb="0" />
            <line nr="643" mi="0" ci="3" mb="1" cb="1" />
            <line nr="644" mi="1" ci="0" mb="0" cb="0" />
            <line nr="646" mi="0" ci="3" mb="1" cb="1" />
            <line nr="647" mi="1" ci="0" mb="0" cb="0" />
            <line nr="649" mi="0" ci="1" mb="0" cb="0" />
            <line nr="650" mi="2" ci="12" mb="8" cb="8" />
            <line nr="651" mi="2" ci="4" mb="1" cb="1" />
            <line nr="652" mi="1" ci="0" mb="0" cb="0" />
            <line nr="653" mi="1" ci="6" mb="1" cb="1" />
            <line nr="654" mi="2" ci="5" mb="0" cb="0" />
            <line nr="655" mi="1" ci="3" mb="0" cb="0" />
            <line nr="656" mi="1" ci="3" mb="0" cb="0" />
            <line nr="657" mi="1" ci="3" mb="0" cb="0" />
            <line nr="658" mi="1" ci="3" mb="0" cb="0" />
            <line nr="659" mi="1" ci="3" mb="0" cb="0" />
            <line nr="660" mi="1" ci="3" mb="0" cb="0" />
            <line nr="665" mi="1" ci="0" mb="0" cb="0" />
            <line nr="666" mi="9" ci="0" mb="2" cb="0" />
            <line nr="667" mi="6" ci="0" mb="2" cb="0" />
            <line nr="669" mi="8" ci="0" mb="0" cb="0" />
            <line nr="670" mi="8" ci="0" mb="0" cb="0" />
            <line nr="671" mi="7" ci="0" mb="2" cb="0" />
            <line nr="672" mi="7" ci="0" mb="2" cb="0" />
            <line nr="674" mi="1" ci="0" mb="0" cb="0" />
            <line nr="679" mi="0" ci="4" mb="0" cb="0" />
            <line nr="681" mi="0" ci="14" mb="0" cb="0" />
            <line nr="682" mi="0" ci="8" mb="0" cb="0" />
            <line nr="687" mi="0" ci="2" mb="0" cb="0" />
            <line nr="691" mi="2" ci="0" mb="0" cb="0" />
            <line nr="695" mi="2" ci="0" mb="0" cb="0" />
            <line nr="699" mi="2" ci="0" mb="0" cb="0" />
            <line nr="703" mi="2" ci="0" mb="0" cb="0" />
            <line nr="707" mi="2" ci="0" mb="0" cb="0" />
            <line nr="711" mi="2" ci="0" mb="0" cb="0" />
            <line nr="715" mi="2" ci="0" mb="0" cb="0" />
            <line nr="719" mi="2" ci="0" mb="0" cb="0" />
            <line nr="723" mi="2" ci="0" mb="0" cb="0" />
            <line nr="727" mi="2" ci="0" mb="0" cb="0" />
            <line nr="742" mi="0" ci="1" mb="0" cb="0" />
            <line nr="744" mi="0" ci="1" mb="0" cb="0" />
            <line nr="745" mi="0" ci="1" mb="0" cb="0" />
            <line nr="746" mi="0" ci="1" mb="0" cb="0" />
            <line nr="747" mi="0" ci="1" mb="0" cb="0" />
            <line nr="748" mi="0" ci="1" mb="0" cb="0" />
            <line nr="749" mi="0" ci="1" mb="0" cb="0" />
            <line nr="750" mi="0" ci="1" mb="0" cb="0" />
            <line nr="754" mi="3" ci="0" mb="0" cb="0" />
            <line nr="755" mi="4" ci="0" mb="2" cb="0" />
            <line nr="756" mi="2" ci="0" mb="0" cb="0" />
            <line nr="759" mi="4" ci="0" mb="2" cb="0" />
            <line nr="760" mi="4" ci="0" mb="2" cb="0" />
            <line nr="761" mi="2" ci="0" mb="0" cb="0" />
            <line nr="763" mi="2" ci="0" mb="0" cb="0" />
            <line nr="766" mi="4" ci="0" mb="2" cb="0" />
            <line nr="767" mi="4" ci="0" mb="2" cb="0" />
            <line nr="768" mi="2" ci="0" mb="0" cb="0" />
            <line nr="770" mi="2" ci="0" mb="0" cb="0" />
            <line nr="773" mi="2" ci="0" mb="0" cb="0" />
            <line nr="778" mi="0" ci="1" mb="0" cb="0" />
            <line nr="779" mi="0" ci="1" mb="0" cb="0" />
            <line nr="780" mi="0" ci="1" mb="0" cb="0" />
            <line nr="781" mi="0" ci="2" mb="0" cb="0" />
            <line nr="782" mi="0" ci="3" mb="0" cb="0" />
            <line nr="783" mi="0" ci="4" mb="0" cb="0" />
            <line nr="784" mi="0" ci="4" mb="0" cb="2" />
            <line nr="785" mi="0" ci="3" mb="0" cb="0" />
            <line nr="787" mi="0" ci="4" mb="0" cb="2" />
            <line nr="788" mi="0" ci="3" mb="0" cb="0" />
            <line nr="790" mi="0" ci="4" mb="0" cb="2" />
            <line nr="791" mi="0" ci="3" mb="0" cb="0" />
            <line nr="793" mi="0" ci="4" mb="0" cb="2" />
            <line nr="794" mi="0" ci="3" mb="0" cb="0" />
            <line nr="796" mi="0" ci="2" mb="1" cb="1" />
            <line nr="797" mi="3" ci="0" mb="0" cb="0" />
            <line nr="799" mi="0" ci="2" mb="0" cb="0" />
            <line nr="804" mi="4" ci="5" mb="3" cb="3" />
            <line nr="805" mi="4" ci="2" mb="0" cb="0" />
            <line nr="810" mi="0" ci="3" mb="1" cb="1" />
            <line nr="811" mi="1" ci="0" mb="0" cb="0" />
            <line nr="813" mi="0" ci="3" mb="1" cb="1" />
            <line nr="814" mi="1" ci="0" mb="0" cb="0" />
            <line nr="816" mi="0" ci="1" mb="0" cb="0" />
            <line nr="817" mi="1" ci="9" mb="4" cb="4" />
            <line nr="818" mi="0" ci="3" mb="0" cb="0" />
            <line nr="819" mi="1" ci="3" mb="0" cb="0" />
            <line nr="820" mi="1" ci="3" mb="0" cb="0" />
            <line nr="821" mi="2" ci="6" mb="1" cb="1" />
            <line nr="826" mi="1" ci="0" mb="0" cb="0" />
            <line nr="827" mi="9" ci="0" mb="2" cb="0" />
            <line nr="828" mi="9" ci="0" mb="2" cb="0" />
            <line nr="829" mi="9" ci="0" mb="2" cb="0" />
            <line nr="830" mi="6" ci="0" mb="2" cb="0" />
            <line nr="831" mi="1" ci="0" mb="0" cb="0" />
            <line nr="836" mi="0" ci="3" mb="0" cb="0" />
            <line nr="837" mi="0" ci="4" mb="0" cb="0" />
            <line nr="838" mi="0" ci="9" mb="0" cb="0" />
            <line nr="843" mi="0" ci="2" mb="0" cb="0" />
            <line nr="847" mi="2" ci="0" mb="0" cb="0" />
            <line nr="851" mi="2" ci="0" mb="0" cb="0" />
            <line nr="855" mi="2" ci="0" mb="0" cb="0" />
            <line nr="859" mi="2" ci="0" mb="0" cb="0" />
            <line nr="863" mi="2" ci="0" mb="0" cb="0" />
            <line nr="867" mi="2" ci="0" mb="0" cb="0" />
            <line nr="878" mi="0" ci="1" mb="0" cb="0" />
            <line nr="879" mi="0" ci="1" mb="0" cb="0" />
            <line nr="880" mi="0" ci="1" mb="0" cb="0" />
            <line nr="881" mi="0" ci="1" mb="0" cb="0" />
            <line nr="882" mi="0" ci="1" mb="0" cb="0" />
            <line nr="883" mi="0" ci="1" mb="0" cb="0" />
            <line nr="884" mi="0" ci="1" mb="0" cb="0" />
            <line nr="889" mi="0" ci="1" mb="0" cb="0" />
            <line nr="890" mi="0" ci="1" mb="0" cb="0" />
            <line nr="891" mi="0" ci="1" mb="0" cb="0" />
            <line nr="892" mi="0" ci="2" mb="0" cb="0" />
            <line nr="893" mi="0" ci="3" mb="0" cb="0" />
            <line nr="894" mi="0" ci="4" mb="0" cb="0" />
            <line nr="895" mi="0" ci="4" mb="0" cb="0" />
            <line nr="896" mi="0" ci="3" mb="0" cb="0" />
            <line nr="897" mi="0" ci="4" mb="1" cb="1" />
            <line nr="898" mi="3" ci="0" mb="0" cb="0" />
            <line nr="900" mi="0" ci="2" mb="1" cb="1" />
            <line nr="901" mi="3" ci="0" mb="0" cb="0" />
            <line nr="903" mi="0" ci="2" mb="0" cb="0" />
            <line nr="908" mi="0" ci="3" mb="0" cb="0" />
            <line nr="913" mi="0" ci="3" mb="1" cb="1" />
            <line nr="914" mi="1" ci="0" mb="0" cb="0" />
            <line nr="916" mi="0" ci="3" mb="1" cb="1" />
            <line nr="917" mi="1" ci="0" mb="0" cb="0" />
            <line nr="919" mi="0" ci="1" mb="0" cb="0" />
            <line nr="920" mi="1" ci="8" mb="3" cb="3" />
            <line nr="921" mi="0" ci="5" mb="1" cb="1" />
            <line nr="922" mi="2" ci="5" mb="0" cb="0" />
            <line nr="923" mi="1" ci="3" mb="0" cb="0" />
            <line nr="924" mi="2" ci="6" mb="1" cb="1" />
            <line nr="929" mi="1" ci="0" mb="0" cb="0" />
            <line nr="930" mi="3" ci="0" mb="0" cb="0" />
            <line nr="931" mi="9" ci="0" mb="2" cb="0" />
            <line nr="932" mi="9" ci="0" mb="2" cb="0" />
            <line nr="933" mi="6" ci="0" mb="2" cb="0" />
            <line nr="934" mi="1" ci="0" mb="0" cb="0" />
            <line nr="939" mi="0" ci="3" mb="0" cb="0" />
            <line nr="940" mi="0" ci="4" mb="0" cb="0" />
            <line nr="941" mi="0" ci="10" mb="0" cb="0" />
            <line nr="946" mi="0" ci="2" mb="0" cb="0" />
            <line nr="950" mi="2" ci="0" mb="0" cb="0" />
            <line nr="958" mi="2" ci="0" mb="0" cb="0" />
            <line nr="962" mi="2" ci="0" mb="0" cb="0" />
            <line nr="966" mi="2" ci="0" mb="0" cb="0" />
            <line nr="970" mi="2" ci="0" mb="0" cb="0" />
            <line nr="983" mi="0" ci="1" mb="0" cb="0" />
            <line nr="985" mi="0" ci="2" mb="0" cb="0" />
            <line nr="986" mi="0" ci="1" mb="0" cb="0" />
            <line nr="987" mi="0" ci="1" mb="0" cb="0" />
            <line nr="988" mi="0" ci="1" mb="0" cb="0" />
            <line nr="993" mi="0" ci="1" mb="0" cb="0" />
            <line nr="994" mi="0" ci="1" mb="0" cb="0" />
            <line nr="995" mi="0" ci="1" mb="0" cb="0" />
            <line nr="996" mi="0" ci="2" mb="0" cb="0" />
            <line nr="997" mi="0" ci="3" mb="0" cb="0" />
            <line nr="998" mi="0" ci="3" mb="0" cb="0" />
            <line nr="999" mi="0" ci="2" mb="1" cb="1" />
            <line nr="1000" mi="3" ci="0" mb="0" cb="0" />
            <line nr="1002" mi="0" ci="2" mb="0" cb="0" />
            <line nr="1007" mi="2" ci="11" mb="2" cb="2" />
            <line nr="1012" mi="0" ci="3" mb="1" cb="1" />
            <line nr="1013" mi="1" ci="0" mb="0" cb="0" />
            <line nr="1015" mi="0" ci="3" mb="1" cb="1" />
            <line nr="1016" mi="1" ci="0" mb="0" cb="0" />
            <line nr="1018" mi="0" ci="1" mb="0" cb="0" />
            <line nr="1019" mi="1" ci="6" mb="2" cb="2" />
            <line nr="1020" mi="0" ci="3" mb="0" cb="0" />
            <line nr="1021" mi="2" ci="6" mb="1" cb="1" />
            <line nr="1026" mi="4" ci="0" mb="2" cb="0" />
            <line nr="1027" mi="3" ci="0" mb="0" cb="0" />
            <line nr="1030" mi="8" ci="0" mb="2" cb="0" />
            <line nr="1031" mi="1" ci="0" mb="0" cb="0" />
            <line nr="1032" mi="4" ci="0" mb="2" cb="0" />
            <line nr="1033" mi="8" ci="0" mb="2" cb="0" />
            <line nr="1034" mi="2" ci="0" mb="0" cb="0" />
            <line nr="1038" mi="6" ci="0" mb="2" cb="0" />
            <line nr="1039" mi="2" ci="0" mb="0" cb="0" />
            <line nr="1040" mi="1" ci="0" mb="0" cb="0" />
            <line nr="1045" mi="0" ci="10" mb="0" cb="0" />
            <line nr="1046" mi="0" ci="3" mb="0" cb="0" />
            <line nr="1051" mi="0" ci="2" mb="0" cb="0" />
            <line nr="1055" mi="2" ci="0" mb="0" cb="0" />
            <line nr="1059" mi="2" ci="0" mb="0" cb="0" />
            <line nr="1063" mi="2" ci="0" mb="0" cb="0" />
            <line nr="1070" mi="0" ci="2" mb="0" cb="0" />
            <line nr="1071" mi="0" ci="1" mb="0" cb="0" />
            <line nr="1076" mi="1" ci="0" mb="0" cb="0" />
            <line nr="1077" mi="1" ci="0" mb="0" cb="0" />
            <line nr="1078" mi="1" ci="0" mb="0" cb="0" />
            <line nr="1079" mi="2" ci="0" mb="0" cb="0" />
            <line nr="1080" mi="3" ci="0" mb="0" cb="0" />
            <line nr="1081" mi="3" ci="0" mb="0" cb="0" />
            <line nr="1082" mi="3" ci="0" mb="0" cb="0" />
            <line nr="1083" mi="2" ci="0" mb="0" cb="0" />
            <line nr="1088" mi="3" ci="0" mb="0" cb="0" />
            <line nr="1093" mi="0" ci="3" mb="1" cb="1" />
            <line nr="1094" mi="1" ci="0" mb="0" cb="0" />
            <line nr="1096" mi="0" ci="1" mb="0" cb="0" />
            <line nr="1097" mi="0" ci="4" mb="0" cb="0" />
            <line nr="1102" mi="8" ci="0" mb="2" cb="0" />
            <line nr="1107" mi="0" ci="8" mb="0" cb="0" />
            <line nr="1112" mi="0" ci="2" mb="0" cb="0" />
            <line nr="1116" mi="2" ci="0" mb="0" cb="0" />
            <line nr="1123" mi="0" ci="2" mb="0" cb="0" />
            <line nr="1124" mi="0" ci="1" mb="0" cb="0" />
            <line nr="1129" mi="0" ci="1" mb="0" cb="0" />
            <line nr="1130" mi="0" ci="1" mb="0" cb="0" />
            <line nr="1131" mi="0" ci="1" mb="0" cb="0" />
            <line nr="1132" mi="0" ci="2" mb="0" cb="0" />
            <line nr="1133" mi="0" ci="3" mb="0" cb="0" />
            <line nr="1134" mi="0" ci="3" mb="0" cb="0" />
            <line nr="1135" mi="0" ci="2" mb="0" cb="0" />
            <line nr="1140" mi="0" ci="3" mb="0" cb="0" />
            <line nr="1145" mi="0" ci="3" mb="1" cb="1" />
            <line nr="1146" mi="1" ci="0" mb="0" cb="0" />
            <line nr="1148" mi="0" ci="3" mb="1" cb="1" />
            <line nr="1149" mi="1" ci="0" mb="0" cb="0" />
            <line nr="1151" mi="0" ci="1" mb="0" cb="0" />
            <line nr="1152" mi="0" ci="4" mb="0" cb="0" />
            <line nr="1157" mi="8" ci="0" mb="2" cb="0" />
            <line nr="1162" mi="0" ci="8" mb="0" cb="0" />
            <line nr="1167" mi="0" ci="2" mb="0" cb="0" />
            <line nr="1171" mi="2" ci="0" mb="0" cb="0" />
            <line nr="1178" mi="0" ci="2" mb="0" cb="0" />
            <line nr="1179" mi="0" ci="1" mb="0" cb="0" />
            <line nr="1184" mi="0" ci="1" mb="0" cb="0" />
            <line nr="1185" mi="0" ci="1" mb="0" cb="0" />
            <line nr="1186" mi="0" ci="1" mb="0" cb="0" />
            <line nr="1187" mi="0" ci="2" mb="0" cb="0" />
            <line nr="1188" mi="0" ci="3" mb="0" cb="0" />
            <line nr="1189" mi="0" ci="3" mb="0" cb="0" />
            <line nr="1192" mi="0" ci="3" mb="0" cb="0" />
            <line nr="1193" mi="0" ci="2" mb="0" cb="0" />
            <line nr="1198" mi="0" ci="3" mb="0" cb="0" />
            <line nr="1203" mi="3" ci="0" mb="2" cb="0" />
            <line nr="1204" mi="1" ci="0" mb="0" cb="0" />
            <line nr="1206" mi="3" ci="0" mb="2" cb="0" />
            <line nr="1207" mi="1" ci="0" mb="0" cb="0" />
            <line nr="1209" mi="1" ci="0" mb="0" cb="0" />
            <line nr="1210" mi="4" ci="0" mb="0" cb="0" />
            <line nr="1215" mi="8" ci="0" mb="2" cb="0" />
            <line nr="1220" mi="8" ci="0" mb="0" cb="0" />
            <line nr="1225" mi="0" ci="2" mb="0" cb="0" />
            <line nr="1229" mi="2" ci="0" mb="0" cb="0" />
            <line nr="1236" mi="0" ci="2" mb="0" cb="0" />
            <line nr="1237" mi="0" ci="1" mb="0" cb="0" />
            <line nr="1242" mi="0" ci="1" mb="0" cb="0" />
            <line nr="1243" mi="0" ci="1" mb="0" cb="0" />
            <line nr="1244" mi="0" ci="1" mb="0" cb="0" />
            <line nr="1245" mi="0" ci="2" mb="0" cb="0" />
            <line nr="1246" mi="0" ci="3" mb="0" cb="0" />
            <line nr="1247" mi="0" ci="3" mb="0" cb="0" />
            <line nr="1248" mi="0" ci="3" mb="0" cb="0" />
            <line nr="1249" mi="0" ci="2" mb="0" cb="0" />
            <line nr="1254" mi="0" ci="3" mb="0" cb="0" />
            <line nr="1259" mi="0" ci="3" mb="1" cb="1" />
            <line nr="1260" mi="1" ci="0" mb="0" cb="0" />
            <line nr="1262" mi="0" ci="3" mb="1" cb="1" />
            <line nr="1263" mi="1" ci="0" mb="0" cb="0" />
            <line nr="1265" mi="0" ci="1" mb="0" cb="0" />
            <line nr="1266" mi="0" ci="4" mb="0" cb="0" />
            <line nr="1271" mi="8" ci="0" mb="2" cb="0" />
            <line nr="1276" mi="0" ci="8" mb="0" cb="0" />
            <line nr="1281" mi="0" ci="2" mb="0" cb="0" />
            <line nr="1285" mi="2" ci="0" mb="0" cb="0" />
            <line nr="1292" mi="0" ci="2" mb="0" cb="0" />
            <line nr="1293" mi="0" ci="1" mb="0" cb="0" />
            <line nr="1298" mi="0" ci="1" mb="0" cb="0" />
            <line nr="1299" mi="0" ci="1" mb="0" cb="0" />
            <line nr="1300" mi="0" ci="1" mb="0" cb="0" />
            <line nr="1301" mi="0" ci="2" mb="0" cb="0" />
            <line nr="1302" mi="0" ci="3" mb="0" cb="0" />
            <line nr="1303" mi="0" ci="3" mb="0" cb="0" />
            <line nr="1304" mi="0" ci="3" mb="0" cb="0" />
            <line nr="1305" mi="0" ci="2" mb="0" cb="0" />
            <line nr="1310" mi="0" ci="3" mb="0" cb="0" />
            <line nr="1315" mi="0" ci="3" mb="1" cb="1" />
            <line nr="1316" mi="1" ci="0" mb="0" cb="0" />
            <line nr="1318" mi="0" ci="3" mb="1" cb="1" />
            <line nr="1319" mi="1" ci="0" mb="0" cb="0" />
            <line nr="1321" mi="0" ci="1" mb="0" cb="0" />
            <line nr="1322" mi="0" ci="4" mb="0" cb="0" />
            <line nr="1327" mi="8" ci="0" mb="2" cb="0" />
            <line nr="1332" mi="0" ci="8" mb="0" cb="0" />
            <line nr="1337" mi="0" ci="2" mb="0" cb="0" />
            <line nr="1340" mi="2" ci="0" mb="0" cb="0" />
            <line nr="1354" mi="0" ci="2" mb="0" cb="0" />
            <line nr="1355" mi="0" ci="3" mb="0" cb="2" />
            <line nr="1356" mi="0" ci="2" mb="0" cb="0" />
            <line nr="1358" mi="0" ci="1" mb="0" cb="0" />
            <line nr="1360" mi="0" ci="1" mb="0" cb="0" />
            <line nr="1361" mi="0" ci="1" mb="0" cb="0" />
            <line nr="1362" mi="0" ci="1" mb="0" cb="0" />
            <line nr="1367" mi="0" ci="1" mb="0" cb="0" />
            <line nr="1368" mi="0" ci="1" mb="0" cb="0" />
            <line nr="1369" mi="0" ci="1" mb="0" cb="0" />
            <line nr="1370" mi="0" ci="2" mb="0" cb="0" />
            <line nr="1371" mi="0" ci="3" mb="0" cb="0" />
            <line nr="1372" mi="0" ci="3" mb="0" cb="0" />
            <line nr="1373" mi="0" ci="4" mb="0" cb="0" />
            <line nr="1374" mi="0" ci="4" mb="0" cb="2" />
            <line nr="1375" mi="0" ci="3" mb="0" cb="0" />
            <line nr="1377" mi="0" ci="2" mb="1" cb="1" />
            <line nr="1378" mi="4" ci="0" mb="0" cb="0" />
            <line nr="1380" mi="0" ci="2" mb="0" cb="0" />
            <line nr="1385" mi="0" ci="3" mb="0" cb="0" />
            <line nr="1390" mi="0" ci="3" mb="1" cb="1" />
            <line nr="1391" mi="1" ci="0" mb="0" cb="0" />
            <line nr="1393" mi="0" ci="3" mb="1" cb="1" />
            <line nr="1394" mi="1" ci="0" mb="0" cb="0" />
            <line nr="1396" mi="0" ci="1" mb="0" cb="0" />
            <line nr="1397" mi="1" ci="8" mb="3" cb="3" />
            <line nr="1398" mi="0" ci="3" mb="0" cb="0" />
            <line nr="1399" mi="1" ci="3" mb="0" cb="0" />
            <line nr="1400" mi="2" ci="6" mb="1" cb="1" />
            <line nr="1405" mi="1" ci="0" mb="0" cb="0" />
            <line nr="1406" mi="9" ci="0" mb="2" cb="0" />
            <line nr="1407" mi="9" ci="0" mb="2" cb="0" />
            <line nr="1408" mi="6" ci="0" mb="2" cb="0" />
            <line nr="1409" mi="1" ci="0" mb="0" cb="0" />
            <line nr="1414" mi="0" ci="8" mb="0" cb="0" />
            <line nr="1419" mi="0" ci="2" mb="0" cb="0" />
            <line nr="1425" mi="2" ci="0" mb="0" cb="0" />
            <line nr="1426" mi="2" ci="0" mb="0" cb="0" />
            <line nr="1427" mi="2" ci="0" mb="0" cb="0" />
            <line nr="1439" mi="0" ci="2" mb="0" cb="0" />
            <line nr="1440" mi="0" ci="1" mb="0" cb="0" />
            <line nr="1441" mi="0" ci="1" mb="0" cb="0" />
            <line nr="1448" mi="0" ci="3" mb="1" cb="1" />
            <line nr="1449" mi="1" ci="0" mb="0" cb="0" />
            <line nr="1450" mi="1" ci="0" mb="0" cb="0" />
            <line nr="1451" mi="0" ci="4" mb="0" cb="2" />
            <line nr="1452" mi="0" ci="2" mb="0" cb="0" />
            <line nr="1453" mi="0" ci="1" mb="0" cb="0" />
            <line nr="1455" mi="0" ci="5" mb="0" cb="2" />
            <line nr="1456" mi="0" ci="1" mb="0" cb="0" />
            <line nr="1457" mi="0" ci="2" mb="0" cb="0" />
            <line nr="1458" mi="0" ci="1" mb="0" cb="0" />
            <line nr="1461" mi="0" ci="3" mb="0" cb="0" />
            <line nr="1466" mi="0" ci="1" mb="0" cb="0" />
            <line nr="1467" mi="0" ci="1" mb="0" cb="0" />
            <line nr="1468" mi="0" ci="1" mb="0" cb="0" />
            <line nr="1469" mi="0" ci="2" mb="0" cb="0" />
            <line nr="1470" mi="0" ci="3" mb="0" cb="0" />
            <line nr="1471" mi="0" ci="7" mb="0" cb="2" />
            <line nr="1472" mi="0" ci="3" mb="0" cb="0" />
            <line nr="1473" mi="0" ci="3" mb="0" cb="2" />
            <line nr="1475" mi="0" ci="8" mb="0" cb="0" />
            <line nr="1478" mi="0" ci="2" mb="0" cb="0" />
            <line nr="1483" mi="2" ci="18" mb="2" cb="4" />
            <line nr="1488" mi="0" ci="3" mb="1" cb="1" />
            <line nr="1489" mi="1" ci="0" mb="0" cb="0" />
            <line nr="1491" mi="0" ci="3" mb="1" cb="1" />
            <line nr="1492" mi="1" ci="0" mb="0" cb="0" />
            <line nr="1494" mi="0" ci="1" mb="0" cb="0" />
            <line nr="1495" mi="0" ci="5" mb="1" cb="1" />
            <line nr="1496" mi="1" ci="0" mb="0" cb="0" />
            <line nr="1498" mi="0" ci="4" mb="1" cb="1" />
            <line nr="1499" mi="7" ci="0" mb="2" cb="0" />
            <line nr="1501" mi="0" ci="2" mb="0" cb="0" />
            <line nr="1502" mi="0" ci="5" mb="1" cb="1" />
            <line nr="1503" mi="1" ci="0" mb="0" cb="0" />
            <line nr="1505" mi="0" ci="5" mb="0" cb="2" />
            <line nr="1506" mi="0" ci="9" mb="1" cb="1" />
            <line nr="1507" mi="1" ci="0" mb="0" cb="0" />
            <line nr="1510" mi="0" ci="1" mb="0" cb="0" />
            <line nr="1516" mi="7" ci="0" mb="2" cb="0" />
            <line nr="1517" mi="4" ci="0" mb="2" cb="0" />
            <line nr="1518" mi="6" ci="0" mb="2" cb="0" />
            <line nr="1519" mi="7" ci="0" mb="2" cb="0" />
            <line nr="1522" mi="1" ci="0" mb="0" cb="0" />
            <line nr="1527" mi="0" ci="3" mb="0" cb="0" />
            <line nr="1528" mi="0" ci="6" mb="0" cb="0" />
            <line nr="1529" mi="1" ci="8" mb="1" cb="1" />
            <line nr="1530" mi="0" ci="2" mb="0" cb="0" />
            <line nr="1535" mi="0" ci="2" mb="0" cb="0" />
            <line nr="1538" mi="2" ci="0" mb="0" cb="0" />
            <line nr="1539" mi="2" ci="0" mb="0" cb="0" />
            <line nr="1542" mi="0" ci="3" mb="0" cb="0" />
            <line nr="1586" mi="0" ci="1" mb="0" cb="0" />
            <line nr="1587" mi="0" ci="1" mb="0" cb="0" />
            <line nr="1588" mi="0" ci="3" mb="0" cb="0" />
            <line nr="1589" mi="0" ci="2" mb="0" cb="0" />
            <line nr="1590" mi="0" ci="1" mb="0" cb="0" />
            <line nr="1592" mi="0" ci="2" mb="0" cb="0" />
            <line nr="1593" mi="0" ci="2" mb="0" cb="0" />
            <line nr="1594" mi="0" ci="2" mb="0" cb="0" />
            <line nr="1595" mi="0" ci="2" mb="0" cb="0" />
            <line nr="1596" mi="0" ci="2" mb="0" cb="0" />
            <line nr="1597" mi="0" ci="2" mb="0" cb="0" />
            <line nr="1598" mi="0" ci="2" mb="0" cb="0" />
            <line nr="1599" mi="0" ci="2" mb="0" cb="0" />
            <line nr="1600" mi="0" ci="2" mb="0" cb="0" />
            <line nr="1601" mi="0" ci="2" mb="0" cb="0" />
            <line nr="1602" mi="0" ci="2" mb="0" cb="0" />
            <line nr="1604" mi="0" ci="4" mb="0" cb="2" />
            <line nr="1605" mi="0" ci="3" mb="0" cb="0" />
            <line nr="1606" mi="0" ci="2" mb="0" cb="0" />
            <line nr="1607" mi="0" ci="1" mb="0" cb="0" />
            <line nr="1609" mi="0" ci="4" mb="0" cb="2" />
            <line nr="1610" mi="0" ci="3" mb="0" cb="0" />
            <line nr="1611" mi="0" ci="2" mb="0" cb="0" />
            <line nr="1612" mi="0" ci="1" mb="0" cb="0" />
            <line nr="1614" mi="0" ci="1" mb="0" cb="0" />
            <line nr="1618" mi="0" ci="1" mb="0" cb="0" />
            <line nr="1619" mi="1" ci="9" mb="1" cb="3" />
            <line nr="1620" mi="0" ci="4" mb="0" cb="0" />
            <line nr="1621" mi="0" ci="5" mb="0" cb="2" />
            <line nr="1622" mi="0" ci="1" mb="0" cb="0" />
            <line nr="1624" mi="0" ci="1" mb="0" cb="0" />
            <line nr="1628" mi="0" ci="3" mb="0" cb="0" />
            <line nr="1629" mi="0" ci="1" mb="0" cb="0" />
            <line nr="1632" mi="0" ci="1" mb="0" cb="0" />
            <line nr="1636" mi="0" ci="1" mb="0" cb="0" />
            <line nr="1640" mi="0" ci="1" mb="0" cb="0" />
            <line nr="1644" mi="0" ci="1" mb="0" cb="0" />
            <line nr="1649" mi="0" ci="3" mb="0" cb="2" />
            <line nr="1650" mi="0" ci="1" mb="0" cb="0" />
            <line nr="1652" mi="0" ci="1" mb="0" cb="0" />
            <line nr="1654" mi="0" ci="1" mb="0" cb="0" />
            <line nr="1659" mi="0" ci="2" mb="0" cb="0" />
            <line nr="1663" mi="0" ci="3" mb="0" cb="0" />
            <line nr="1669" mi="0" ci="1" mb="0" cb="0" />
            <line nr="1670" mi="0" ci="3" mb="0" cb="0" />
            <line nr="1671" mi="0" ci="8" mb="0" cb="0" />
            <line nr="1675" mi="0" ci="1" mb="0" cb="0" />
            <line nr="1676" mi="0" ci="5" mb="0" cb="0" />
            <line nr="1677" mi="0" ci="1" mb="0" cb="0" />
            <line nr="1682" mi="0" ci="3" mb="1" cb="1" />
            <line nr="1683" mi="3" ci="0" mb="0" cb="0" />
            <line nr="1684" mi="1" ci="0" mb="0" cb="0" />
            <line nr="1686" mi="0" ci="7" mb="0" cb="0" />
            <line nr="1687" mi="0" ci="1" mb="0" cb="0" />
            <line nr="1691" mi="0" ci="1" mb="0" cb="0" />
            <line nr="1692" mi="0" ci="3" mb="0" cb="0" />
            <line nr="1696" mi="0" ci="1" mb="0" cb="0" />
            <line nr="1697" mi="0" ci="3" mb="0" cb="0" />
            <line nr="1702" mi="0" ci="3" mb="0" cb="0" />
            <line nr="1711" mi="0" ci="2" mb="0" cb="0" />
            <line nr="1712" mi="0" ci="1" mb="0" cb="0" />
            <line nr="1713" mi="0" ci="1" mb="0" cb="0" />
            <line nr="1714" mi="0" ci="1" mb="0" cb="0" />
            <line nr="1718" mi="0" ci="1" mb="0" cb="0" />
            <line nr="1722" mi="0" ci="1" mb="0" cb="0" />
            <line nr="1726" mi="0" ci="1" mb="0" cb="0" />
            <line nr="1730" mi="0" ci="1" mb="0" cb="0" />
            <line nr="1735" mi="0" ci="3" mb="0" cb="2" />
            <line nr="1736" mi="0" ci="3" mb="0" cb="0" />
            <line nr="1738" mi="0" ci="1" mb="0" cb="0" />
            <line nr="1749" mi="0" ci="3" mb="0" cb="0" />
            <line nr="1750" mi="0" ci="1" mb="0" cb="0" />
            <line nr="1751" mi="0" ci="2" mb="0" cb="0" />
            <line nr="1754" mi="0" ci="1" mb="0" cb="0" />
            <line nr="1755" mi="0" ci="1" mb="0" cb="0" />
            <line nr="1758" mi="0" ci="1" mb="0" cb="0" />
            <line nr="1759" mi="0" ci="1" mb="0" cb="0" />
            <line nr="1762" mi="0" ci="2" mb="0" cb="0" />
            <line nr="1763" mi="0" ci="1" mb="0" cb="0" />
            <line nr="1764" mi="0" ci="1" mb="0" cb="0" />
            <line nr="1767" mi="0" ci="1" mb="0" cb="0" />
            <line nr="1768" mi="0" ci="4" mb="0" cb="2" />
            <line nr="1769" mi="0" ci="3" mb="0" cb="0" />
            <line nr="1771" mi="0" ci="3" mb="0" cb="0" />
            <line nr="1772" mi="0" ci="1" mb="0" cb="0" />
            <line nr="1774" mi="0" ci="7" mb="0" cb="4" />
            <line nr="1775" mi="0" ci="1" mb="0" cb="0" />
            <line nr="1781" mi="0" ci="1" mb="0" cb="0" />
            <line nr="1782" mi="0" ci="1" mb="0" cb="0" />
            <line nr="1783" mi="0" ci="5" mb="0" cb="2" />
            <line nr="1784" mi="0" ci="1" mb="0" cb="0" />
            <line nr="1786" mi="1" ci="11" mb="1" cb="3" />
            <line nr="1787" mi="0" ci="1" mb="0" cb="0" />
            <line nr="1788" mi="0" ci="1" mb="0" cb="0" />
            <line nr="1789" mi="1" ci="11" mb="1" cb="3" />
            <line nr="1790" mi="0" ci="1" mb="0" cb="0" />
            <line nr="1791" mi="0" ci="1" mb="0" cb="0" />
            <line nr="1792" mi="2" ci="20" mb="2" cb="6" />
            <line nr="1793" mi="0" ci="1" mb="0" cb="0" />
            <line nr="1796" mi="0" ci="2" mb="0" cb="2" />
            <line nr="1797" mi="0" ci="2" mb="0" cb="0" />
            <line nr="1798" mi="0" ci="1" mb="0" cb="0" />
            <line nr="1799" mi="0" ci="1" mb="0" cb="0" />
            <line nr="1801" mi="0" ci="1" mb="0" cb="0" />
            <line nr="1804" mi="0" ci="3" mb="0" cb="0" />
            <line nr="1805" mi="0" ci="2" mb="0" cb="0" />
            <line nr="1808" mi="0" ci="1" mb="0" cb="0" />
            <line nr="1809" mi="0" ci="4" mb="0" cb="2" />
            <line nr="1810" mi="0" ci="3" mb="0" cb="0" />
            <line nr="1812" mi="0" ci="4" mb="0" cb="0" />
            <line nr="1815" mi="0" ci="1" mb="0" cb="0" />
            <line nr="1816" mi="0" ci="4" mb="0" cb="2" />
            <line nr="1817" mi="0" ci="3" mb="0" cb="0" />
            <line nr="1819" mi="0" ci="4" mb="0" cb="0" />
            <line nr="1822" mi="0" ci="1" mb="0" cb="0" />
            <line nr="1823" mi="0" ci="4" mb="0" cb="2" />
            <line nr="1824" mi="0" ci="3" mb="0" cb="0" />
            <line nr="1826" mi="0" ci="4" mb="0" cb="0" />
            <line nr="1829" mi="0" ci="1" mb="0" cb="0" />
            <line nr="1830" mi="0" ci="4" mb="0" cb="2" />
            <line nr="1831" mi="0" ci="3" mb="0" cb="0" />
            <line nr="1833" mi="0" ci="3" mb="0" cb="0" />
            <line nr="1834" mi="0" ci="1" mb="0" cb="0" />
            <line nr="1842" mi="0" ci="1" mb="0" cb="0" />
            <line nr="1843" mi="0" ci="4" mb="0" cb="2" />
            <line nr="1844" mi="0" ci="3" mb="0" cb="0" />
            <line nr="1846" mi="0" ci="4" mb="0" cb="0" />
            <line nr="1850" mi="0" ci="2" mb="0" cb="0" />
            <line nr="1851" mi="0" ci="2" mb="0" cb="0" />
            <line nr="1854" mi="0" ci="3" mb="0" cb="0" />
            <line nr="1855" mi="1" ci="9" mb="1" cb="3" />
            <line nr="1856" mi="0" ci="4" mb="1" cb="1" />
            <line nr="1857" mi="2" ci="0" mb="0" cb="0" />
            <line nr="1858" mi="6" ci="0" mb="0" cb="0" />
            <line nr="1859" mi="2" ci="0" mb="0" cb="0" />
            <line nr="1861" mi="0" ci="4" mb="0" cb="0" />
            <line nr="1862" mi="0" ci="1" mb="0" cb="0" />
            <line nr="1863" mi="0" ci="3" mb="0" cb="0" />
            <line nr="1864" mi="0" ci="5" mb="0" cb="2" />
            <line nr="1865" mi="0" ci="1" mb="0" cb="0" />
            <line nr="1867" mi="0" ci="2" mb="0" cb="0" />
            <line nr="1869" mi="0" ci="1" mb="0" cb="0" />
            <line nr="1881" mi="0" ci="1" mb="0" cb="0" />
            <line nr="1882" mi="0" ci="1" mb="0" cb="0" />
            <line nr="1883" mi="0" ci="3" mb="1" cb="1" />
            <line nr="1884" mi="1" ci="0" mb="0" cb="0" />
            <line nr="1888" mi="0" ci="1" mb="0" cb="0" />
            <line nr="1889" mi="0" ci="1" mb="1" cb="2" />
            <line nr="1890" mi="1" ci="0" mb="0" cb="0" />
            <line nr="1891" mi="1" ci="0" mb="0" cb="0" />
            <line nr="1892" mi="1" ci="0" mb="0" cb="0" />
            <line nr="1893" mi="1" ci="0" mb="0" cb="0" />
            <line nr="1895" mi="0" ci="1" mb="0" cb="0" />
            <line nr="1896" mi="0" ci="2" mb="0" cb="0" />
            <line nr="1897" mi="0" ci="1" mb="0" cb="0" />
            <line nr="1898" mi="0" ci="1" mb="0" cb="0" />
            <line nr="1900" mi="0" ci="1" mb="0" cb="0" />
            <line nr="1901" mi="0" ci="2" mb="0" cb="0" />
            <line nr="1904" mi="0" ci="3" mb="0" cb="0" />
            <line nr="1905" mi="0" ci="5" mb="0" cb="2" />
            <line nr="1906" mi="0" ci="3" mb="0" cb="2" />
            <line nr="1907" mi="0" ci="1" mb="0" cb="0" />
            <line nr="1909" mi="0" ci="3" mb="0" cb="0" />
            <line nr="1911" mi="0" ci="1" mb="0" cb="0" />
            <line nr="1914" mi="0" ci="4" mb="0" cb="2" />
            <line nr="1917" mi="0" ci="1" mb="0" cb="0" />
            <line nr="1919" mi="0" ci="1" mb="0" cb="0" />
            <line nr="1921" mi="0" ci="6" mb="0" cb="2" />
            <line nr="1924" mi="0" ci="4" mb="0" cb="2" />
            <line nr="1925" mi="1" ci="6" mb="1" cb="1" />
            <line nr="1928" mi="0" ci="1" mb="0" cb="0" />
            <line nr="1929" mi="0" ci="1" mb="0" cb="0" />
            <line nr="1930" mi="0" ci="1" mb="0" cb="0" />
            <line nr="1931" mi="0" ci="1" mb="0" cb="0" />
            <line nr="1936" mi="0" ci="1" mb="0" cb="0" />
            <line nr="1946" mi="1" ci="0" mb="0" cb="0" />
            <line nr="1947" mi="0" ci="4" mb="0" cb="2" />
            <line nr="1950" mi="0" ci="1" mb="0" cb="0" />
            <line nr="1951" mi="0" ci="1" mb="0" cb="0" />
            <line nr="1953" mi="0" ci="6" mb="1" cb="1" />
            <line nr="1954" mi="0" ci="4" mb="0" cb="2" />
            <line nr="1955" mi="0" ci="1" mb="0" cb="0" />
            <line nr="1956" mi="0" ci="1" mb="0" cb="0" />
            <line nr="1961" mi="1" ci="0" mb="0" cb="0" />
            <line nr="1965" mi="0" ci="1" mb="0" cb="0" />
            <line nr="1966" mi="0" ci="4" mb="0" cb="2" />
            <line nr="1967" mi="0" ci="3" mb="0" cb="0" />
            <line nr="1969" mi="0" ci="4" mb="0" cb="0" />
            <line nr="1972" mi="0" ci="1" mb="0" cb="0" />
            <line nr="1973" mi="0" ci="4" mb="0" cb="2" />
            <line nr="1974" mi="0" ci="3" mb="0" cb="0" />
            <line nr="1976" mi="0" ci="4" mb="0" cb="0" />
            <line nr="1979" mi="0" ci="1" mb="0" cb="0" />
            <line nr="1980" mi="0" ci="4" mb="0" cb="2" />
            <line nr="1981" mi="0" ci="3" mb="0" cb="0" />
            <line nr="1983" mi="0" ci="3" mb="0" cb="0" />
            <line nr="1984" mi="0" ci="2" mb="0" cb="0" />
            <line nr="1996" mi="0" ci="1" mb="0" cb="0" />
            <line nr="1997" mi="0" ci="3" mb="0" cb="2" />
            <line nr="1998" mi="1" ci="6" mb="3" cb="3" />
            <line nr="1999" mi="1" ci="4" mb="0" cb="0" />
            <line nr="2000" mi="1" ci="4" mb="0" cb="0" />
            <line nr="2001" mi="1" ci="0" mb="0" cb="0" />
            <line nr="2004" mi="0" ci="3" mb="0" cb="0" />
            <line nr="2005" mi="1" ci="9" mb="1" cb="3" />
            <line nr="2006" mi="0" ci="4" mb="1" cb="1" />
            <line nr="2007" mi="2" ci="0" mb="0" cb="0" />
            <line nr="2008" mi="6" ci="0" mb="0" cb="0" />
            <line nr="2009" mi="2" ci="0" mb="0" cb="0" />
            <line nr="2011" mi="0" ci="4" mb="0" cb="0" />
            <line nr="2012" mi="0" ci="1" mb="0" cb="0" />
            <line nr="2013" mi="0" ci="1" mb="0" cb="0" />
            <line nr="2014" mi="0" ci="3" mb="1" cb="1" />
            <line nr="2015" mi="1" ci="0" mb="0" cb="0" />
            <line nr="2017" mi="0" ci="1" mb="1" cb="2" />
            <line nr="2018" mi="1" ci="0" mb="0" cb="0" />
            <line nr="2019" mi="4" ci="0" mb="0" cb="0" />
            <line nr="2020" mi="0" ci="1" mb="0" cb="0" />
            <line nr="2021" mi="0" ci="4" mb="0" cb="0" />
            <line nr="2022" mi="0" ci="1" mb="0" cb="0" />
            <line nr="2023" mi="0" ci="4" mb="0" cb="0" />
            <line nr="2024" mi="0" ci="1" mb="0" cb="0" />
            <line nr="2031" mi="0" ci="1" mb="0" cb="0" />
            <line nr="2033" mi="0" ci="1" mb="0" cb="0" />
            <line nr="2037" mi="2" ci="10" mb="2" cb="2" />
            <line nr="2038" mi="1" ci="0" mb="0" cb="0" />
            <line nr="2040" mi="0" ci="2" mb="0" cb="2" />
            <line nr="2041" mi="0" ci="1" mb="0" cb="0" />
            <line nr="2044" mi="0" ci="1" mb="0" cb="5" />
            <line nr="2046" mi="0" ci="1" mb="0" cb="0" />
            <line nr="2047" mi="0" ci="4" mb="0" cb="0" />
            <line nr="2048" mi="0" ci="1" mb="0" cb="0" />
            <line nr="2049" mi="0" ci="4" mb="0" cb="0" />
            <line nr="2050" mi="0" ci="1" mb="0" cb="0" />
            <line nr="2051" mi="0" ci="4" mb="0" cb="0" />
            <line nr="2052" mi="0" ci="1" mb="0" cb="0" />
            <line nr="2053" mi="0" ci="4" mb="0" cb="0" />
            <line nr="2054" mi="0" ci="1" mb="0" cb="0" />
            <line nr="2055" mi="0" ci="4" mb="0" cb="0" />
            <line nr="2066" mi="0" ci="1" mb="0" cb="0" />
            <line nr="2067" mi="1" ci="7" mb="3" cb="3" />
            <line nr="2068" mi="1" ci="4" mb="0" cb="0" />
            <line nr="2069" mi="0" ci="2" mb="0" cb="0" />
            <line nr="2072" mi="1" ci="0" mb="0" cb="0" />
            <line nr="2076" mi="2" ci="10" mb="2" cb="2" />
            <line nr="2077" mi="1" ci="0" mb="0" cb="0" />
            <line nr="2083" mi="0" ci="2" mb="0" cb="2" />
            <line nr="2084" mi="0" ci="1" mb="0" cb="0" />
            <line nr="2087" mi="0" ci="6" mb="0" cb="2" />
            <line nr="2088" mi="0" ci="1" mb="0" cb="0" />
            <line nr="2089" mi="0" ci="5" mb="0" cb="2" />
            <line nr="2090" mi="0" ci="6" mb="0" cb="2" />
            <line nr="2091" mi="0" ci="1" mb="0" cb="0" />
            <line nr="2092" mi="0" ci="1" mb="0" cb="0" />
            <line nr="2095" mi="0" ci="1" mb="0" cb="2" />
            <line nr="2096" mi="0" ci="4" mb="0" cb="0" />
            <line nr="2097" mi="0" ci="1" mb="0" cb="0" />
            <line nr="2098" mi="0" ci="3" mb="0" cb="2" />
            <line nr="2100" mi="0" ci="3" mb="0" cb="0" />
            <line nr="2101" mi="0" ci="3" mb="0" cb="0" />
            <line nr="2102" mi="0" ci="3" mb="0" cb="0" />
            <line nr="2103" mi="0" ci="3" mb="0" cb="2" />
            <line nr="2106" mi="0" ci="3" mb="0" cb="0" />
            <line nr="2107" mi="0" ci="3" mb="0" cb="0" />
            <line nr="2109" mi="0" ci="4" mb="0" cb="0" />
            <line nr="2111" mi="0" ci="1" mb="0" cb="0" />
            <line nr="2115" mi="0" ci="1" mb="0" cb="3" />
            <line nr="2117" mi="0" ci="1" mb="0" cb="0" />
            <line nr="2118" mi="0" ci="4" mb="0" cb="0" />
            <line nr="2119" mi="0" ci="1" mb="0" cb="0" />
            <line nr="2120" mi="0" ci="4" mb="0" cb="0" />
            <line nr="2121" mi="0" ci="1" mb="0" cb="0" />
            <line nr="2122" mi="0" ci="4" mb="0" cb="0" />
            <line nr="2126" mi="0" ci="1" mb="0" cb="0" />
            <line nr="2127" mi="0" ci="1" mb="0" cb="0" />
            <line nr="2128" mi="0" ci="1" mb="0" cb="0" />
            <line nr="2129" mi="0" ci="1" mb="0" cb="0" />
            <line nr="2130" mi="0" ci="1" mb="0" cb="0" />
            <line nr="2132" mi="0" ci="7" mb="1" cb="3" />
            <line nr="2133" mi="1" ci="8" mb="0" cb="2" />
            <line nr="2134" mi="0" ci="1" mb="0" cb="0" />
            <line nr="2136" mi="0" ci="3" mb="0" cb="2" />
            <line nr="2137" mi="0" ci="2" mb="0" cb="0" />
            <line nr="2138" mi="0" ci="1" mb="0" cb="0" />
            <line nr="2140" mi="0" ci="3" mb="0" cb="2" />
            <line nr="2142" mi="0" ci="3" mb="0" cb="2" />
            <line nr="2143" mi="0" ci="2" mb="0" cb="0" />
            <line nr="2144" mi="0" ci="3" mb="1" cb="1" />
            <line nr="2147" mi="4" ci="0" mb="1" cb="1" />
            <line nr="2148" mi="2" ci="0" mb="0" cb="0" />
            <line nr="2150" mi="0" ci="3" mb="0" cb="2" />
            <line nr="2151" mi="0" ci="1" mb="0" cb="0" />
            <line nr="2152" mi="0" ci="3" mb="0" cb="2" />
            <line nr="2153" mi="0" ci="2" mb="0" cb="0" />
            <line nr="2154" mi="0" ci="4" mb="0" cb="4" />
            <line nr="2155" mi="0" ci="3" mb="0" cb="0" />
            <line nr="2156" mi="0" ci="1" mb="0" cb="0" />
            <line nr="2157" mi="0" ci="3" mb="0" cb="2" />
            <line nr="2158" mi="0" ci="3" mb="0" cb="0" />
            <line nr="2159" mi="0" ci="4" mb="1" cb="3" />
            <line nr="2160" mi="1" ci="2" mb="0" cb="0" />
            <line nr="2165" mi="0" ci="1" mb="0" cb="0" />
            <line nr="2166" mi="0" ci="1" mb="0" cb="0" />
            <line nr="2167" mi="0" ci="1" mb="0" cb="0" />
            <line nr="2171" mi="0" ci="3" mb="0" cb="2" />
            <line nr="2172" mi="0" ci="1" mb="0" cb="0" />
            <line nr="2173" mi="0" ci="5" mb="0" cb="2" />
            <line nr="2174" mi="0" ci="3" mb="0" cb="2" />
            <line nr="2175" mi="0" ci="1" mb="0" cb="0" />
            <line nr="2176" mi="0" ci="1" mb="0" cb="0" />
            <line nr="2179" mi="0" ci="1" mb="1" cb="1" />
            <line nr="2180" mi="1" ci="0" mb="0" cb="0" />
            <line nr="2183" mi="0" ci="1" mb="0" cb="0" />
            <line nr="2184" mi="0" ci="1" mb="0" cb="0" />
            <line nr="2185" mi="0" ci="1" mb="0" cb="0" />
            <line nr="2186" mi="0" ci="3" mb="0" cb="0" />
            <line nr="2187" mi="0" ci="3" mb="0" cb="2" />
            <line nr="2188" mi="0" ci="5" mb="0" cb="2" />
            <line nr="2189" mi="0" ci="1" mb="0" cb="0" />
            <line nr="2190" mi="0" ci="3" mb="1" cb="1" />
            <line nr="2191" mi="1" ci="0" mb="0" cb="0" />
            <line nr="2192" mi="0" ci="3" mb="0" cb="2" />
            <line nr="2193" mi="0" ci="1" mb="0" cb="0" />
            <line nr="2194" mi="0" ci="1" mb="0" cb="0" />
            <line nr="2195" mi="0" ci="4" mb="0" cb="4" />
            <line nr="2196" mi="0" ci="1" mb="0" cb="0" />
            <line nr="2197" mi="0" ci="2" mb="0" cb="0" />
            <line nr="2201" mi="0" ci="1" mb="0" cb="0" />
            <line nr="2202" mi="0" ci="1" mb="0" cb="0" />
            <line nr="2203" mi="1" ci="5" mb="2" cb="4" />
            <line nr="2204" mi="0" ci="2" mb="0" cb="0" />
            <line nr="2205" mi="1" ci="2" mb="0" cb="0" />
            <line nr="2207" mi="0" ci="3" mb="0" cb="2" />
            <line nr="2208" mi="0" ci="1" mb="0" cb="0" />
            <line nr="2209" mi="0" ci="3" mb="1" cb="1" />
            <line nr="2210" mi="0" ci="1" mb="0" cb="0" />
            <line nr="2212" mi="1" ci="0" mb="0" cb="0" />
            <line nr="2218" mi="0" ci="3" mb="0" cb="2" />
            <line nr="2219" mi="0" ci="1" mb="0" cb="0" />
            <line nr="2222" mi="0" ci="1" mb="0" cb="0" />
            <line nr="2223" mi="0" ci="3" mb="0" cb="2" />
            <line nr="2224" mi="0" ci="1" mb="0" cb="0" />
            <line nr="2225" mi="0" ci="1" mb="0" cb="0" />
            <line nr="2226" mi="0" ci="1" mb="0" cb="0" />
            <line nr="2227" mi="0" ci="3" mb="0" cb="0" />
            <line nr="2228" mi="0" ci="3" mb="0" cb="2" />
            <line nr="2229" mi="0" ci="5" mb="0" cb="2" />
            <line nr="2230" mi="0" ci="1" mb="0" cb="0" />
            <line nr="2231" mi="0" ci="3" mb="0" cb="2" />
            <line nr="2232" mi="0" ci="1" mb="0" cb="0" />
            <line nr="2233" mi="0" ci="3" mb="0" cb="2" />
            <line nr="2234" mi="0" ci="1" mb="0" cb="0" />
            <line nr="2235" mi="0" ci="3" mb="0" cb="2" />
            <line nr="2236" mi="0" ci="1" mb="0" cb="0" />
            <line nr="2237" mi="0" ci="3" mb="0" cb="2" />
            <line nr="2238" mi="0" ci="1" mb="0" cb="0" />
            <line nr="2239" mi="0" ci="3" mb="0" cb="2" />
            <line nr="2240" mi="0" ci="3" mb="0" cb="2" />
            <line nr="2241" mi="0" ci="1" mb="0" cb="0" />
            <line nr="2243" mi="0" ci="1" mb="0" cb="0" />
            <line nr="2245" mi="0" ci="1" mb="0" cb="0" />
            <line nr="2249" mi="0" ci="3" mb="1" cb="1" />
            <line nr="2250" mi="1" ci="0" mb="0" cb="0" />
            <line nr="2252" mi="0" ci="1" mb="0" cb="0" />
            <line nr="2253" mi="0" ci="3" mb="0" cb="2" />
            <line nr="2255" mi="0" ci="1" mb="0" cb="0" />
            <line nr="2256" mi="0" ci="1" mb="0" cb="0" />
            <line nr="2257" mi="0" ci="3" mb="0" cb="0" />
            <line nr="2258" mi="0" ci="3" mb="0" cb="2" />
            <line nr="2259" mi="0" ci="5" mb="0" cb="2" />
            <line nr="2260" mi="0" ci="3" mb="1" cb="1" />
            <line nr="2261" mi="1" ci="0" mb="0" cb="0" />
            <line nr="2265" mi="0" ci="1" mb="0" cb="0" />
            <line nr="2266" mi="0" ci="3" mb="0" cb="2" />
            <line nr="2267" mi="0" ci="1" mb="0" cb="0" />
            <line nr="2268" mi="0" ci="3" mb="0" cb="2" />
            <line nr="2271" mi="0" ci="4" mb="0" cb="4" />
            <line nr="2272" mi="0" ci="3" mb="0" cb="0" />
            <line nr="2273" mi="0" ci="3" mb="0" cb="0" />
            <line nr="2274" mi="3" ci="4" mb="1" cb="3" />
            <line nr="2277" mi="0" ci="3" mb="0" cb="0" />
            <line nr="2278" mi="0" ci="1" mb="0" cb="2" />
            <line nr="2279" mi="0" ci="1" mb="0" cb="0" />
            <line nr="2280" mi="0" ci="3" mb="0" cb="0" />
            <line nr="2281" mi="0" ci="5" mb="0" cb="2" />
            <line nr="2282" mi="0" ci="3" mb="1" cb="1" />
            <line nr="2283" mi="1" ci="0" mb="0" cb="0" />
            <line nr="2284" mi="0" ci="3" mb="0" cb="2" />
            <line nr="2285" mi="0" ci="1" mb="0" cb="0" />
            <line nr="2289" mi="0" ci="1" mb="0" cb="0" />
            <line nr="2291" mi="0" ci="3" mb="0" cb="2" />
            <line nr="2292" mi="0" ci="1" mb="0" cb="0" />
            <line nr="2293" mi="0" ci="1" mb="0" cb="0" />
            <line nr="2294" mi="0" ci="3" mb="0" cb="2" />
            <line nr="2297" mi="0" ci="3" mb="0" cb="2" />
            <line nr="2298" mi="0" ci="1" mb="0" cb="0" />
            <line nr="2299" mi="0" ci="3" mb="1" cb="1" />
            <line nr="2300" mi="0" ci="1" mb="0" cb="0" />
            <line nr="2305" mi="1" ci="0" mb="0" cb="0" />
            <line nr="2308" mi="0" ci="1" mb="0" cb="0" />
            <line nr="2311" mi="0" ci="1" mb="0" cb="2" />
            <line nr="2312" mi="0" ci="3" mb="0" cb="0" />
            <line nr="2313" mi="0" ci="1" mb="0" cb="0" />
            <line nr="2315" mi="0" ci="4" mb="1" cb="1" />
            <line nr="2316" mi="1" ci="0" mb="0" cb="0" />
            <line nr="2319" mi="0" ci="3" mb="0" cb="0" />
            <line nr="2320" mi="0" ci="1" mb="0" cb="0" />
            <line nr="2324" mi="0" ci="2" mb="0" cb="2" />
            <line nr="2325" mi="0" ci="2" mb="0" cb="0" />
            <line nr="2326" mi="0" ci="1" mb="0" cb="0" />
            <line nr="2328" mi="0" ci="1" mb="0" cb="0" />
            <line nr="2329" mi="0" ci="1" mb="0" cb="0" />
            <line nr="2333" mi="0" ci="4" mb="0" cb="4" />
            <line nr="2334" mi="0" ci="3" mb="0" cb="0" />
            <line nr="2335" mi="0" ci="1" mb="0" cb="0" />
            <line nr="2337" mi="0" ci="1" mb="0" cb="0" />
            <line nr="2340" mi="0" ci="1" mb="0" cb="0" />
            <line nr="2342" mi="0" ci="3" mb="1" cb="1" />
            <line nr="2344" mi="3" ci="0" mb="0" cb="0" />
            <line nr="2345" mi="1" ci="0" mb="2" cb="0" />
            <line nr="2347" mi="4" ci="0" mb="2" cb="0" />
            <line nr="2348" mi="3" ci="0" mb="0" cb="0" />
            <line nr="2349" mi="1" ci="0" mb="0" cb="0" />
            <line nr="2351" mi="1" ci="0" mb="0" cb="0" />
            <line nr="2353" mi="1" ci="0" mb="0" cb="0" />
            <line nr="2354" mi="0" ci="3" mb="0" cb="2" />
            <line nr="2355" mi="0" ci="4" mb="0" cb="0" />
            <line nr="2356" mi="0" ci="1" mb="0" cb="0" />
            <line nr="2357" mi="0" ci="1" mb="0" cb="0" />
            <line nr="2358" mi="0" ci="3" mb="0" cb="0" />
            <line nr="2359" mi="0" ci="3" mb="0" cb="2" />
            <line nr="2360" mi="0" ci="5" mb="0" cb="2" />
            <line nr="2361" mi="0" ci="3" mb="1" cb="1" />
            <line nr="2362" mi="1" ci="0" mb="0" cb="0" />
            <line nr="2363" mi="0" ci="3" mb="0" cb="2" />
            <line nr="2364" mi="0" ci="3" mb="1" cb="1" />
            <line nr="2365" mi="1" ci="0" mb="0" cb="0" />
            <line nr="2366" mi="0" ci="3" mb="0" cb="2" />
            <line nr="2367" mi="0" ci="1" mb="0" cb="0" />
            <line nr="2372" mi="0" ci="3" mb="0" cb="2" />
            <line nr="2373" mi="0" ci="1" mb="0" cb="0" />
            <line nr="2375" mi="0" ci="1" mb="0" cb="0" />
            <line nr="2376" mi="0" ci="3" mb="0" cb="2" />
            <line nr="2377" mi="0" ci="1" mb="0" cb="0" />
            <line nr="2378" mi="0" ci="3" mb="0" cb="2" />
            <line nr="2379" mi="0" ci="4" mb="0" cb="2" />
            <line nr="2380" mi="0" ci="3" mb="0" cb="0" />
            <line nr="2382" mi="0" ci="4" mb="0" cb="0" />
            <line nr="2383" mi="0" ci="3" mb="0" cb="2" />
            <line nr="2384" mi="0" ci="3" mb="0" cb="0" />
            <line nr="2385" mi="0" ci="3" mb="0" cb="2" />
            <line nr="2386" mi="0" ci="3" mb="0" cb="0" />
            <line nr="2387" mi="0" ci="3" mb="0" cb="2" />
            <line nr="2388" mi="0" ci="2" mb="0" cb="0" />
            <line nr="2389" mi="0" ci="3" mb="0" cb="2" />
            <line nr="2390" mi="0" ci="2" mb="0" cb="0" />
            <line nr="2391" mi="0" ci="3" mb="0" cb="2" />
            <line nr="2392" mi="0" ci="2" mb="0" cb="0" />
            <line nr="2393" mi="0" ci="3" mb="0" cb="2" />
            <line nr="2395" mi="0" ci="3" mb="0" cb="2" />
            <line nr="2396" mi="0" ci="3" mb="0" cb="0" />
            <line nr="2397" mi="0" ci="1" mb="0" cb="0" />
            <line nr="2399" mi="0" ci="3" mb="0" cb="2" />
            <line nr="2400" mi="0" ci="3" mb="0" cb="2" />
            <line nr="2401" mi="0" ci="3" mb="0" cb="0" />
            <line nr="2402" mi="0" ci="1" mb="0" cb="0" />
            <line nr="2404" mi="0" ci="3" mb="0" cb="2" />
            <line nr="2405" mi="0" ci="1" mb="0" cb="0" />
            <line nr="2406" mi="0" ci="1" mb="0" cb="0" />
            <line nr="2407" mi="0" ci="1" mb="0" cb="0" />
            <line nr="2408" mi="0" ci="4" mb="0" cb="2" />
            <line nr="2410" mi="0" ci="4" mb="0" cb="2" />
            <line nr="2411" mi="0" ci="3" mb="0" cb="0" />
            <line nr="2413" mi="0" ci="4" mb="0" cb="0" />
            <line nr="2423" mi="0" ci="1" mb="0" cb="0" />
            <line nr="2424" mi="0" ci="2" mb="1" cb="1" />
            <line nr="2425" mi="1" ci="0" mb="0" cb="0" />
            <line nr="2427" mi="0" ci="3" mb="0" cb="2" />
            <line nr="2428" mi="0" ci="2" mb="0" cb="0" />
            <line nr="2429" mi="0" ci="4" mb="1" cb="1" />
            <line nr="2430" mi="1" ci="0" mb="0" cb="0" />
            <line nr="2434" mi="0" ci="1" mb="0" cb="2" />
            <line nr="2435" mi="0" ci="1" mb="0" cb="0" />
            <line nr="2436" mi="0" ci="1" mb="0" cb="0" />
            <line nr="2437" mi="0" ci="3" mb="0" cb="0" />
            <line nr="2438" mi="0" ci="5" mb="0" cb="2" />
            <line nr="2439" mi="0" ci="1" mb="0" cb="0" />
            <line nr="2440" mi="0" ci="3" mb="1" cb="1" />
            <line nr="2441" mi="1" ci="0" mb="0" cb="0" />
            <line nr="2442" mi="0" ci="3" mb="0" cb="2" />
            <line nr="2443" mi="0" ci="1" mb="0" cb="0" />
            <line nr="2444" mi="0" ci="3" mb="1" cb="1" />
            <line nr="2445" mi="1" ci="0" mb="0" cb="0" />
            <line nr="2446" mi="0" ci="3" mb="0" cb="2" />
            <line nr="2447" mi="0" ci="3" mb="1" cb="1" />
            <line nr="2448" mi="1" ci="0" mb="0" cb="0" />
            <line nr="2450" mi="0" ci="1" mb="0" cb="0" />
            <line nr="2452" mi="0" ci="1" mb="0" cb="0" />
            <line nr="2456" mi="0" ci="3" mb="0" cb="2" />
            <line nr="2457" mi="0" ci="1" mb="0" cb="0" />
            <line nr="2459" mi="0" ci="1" mb="0" cb="0" />
            <line nr="2462" mi="0" ci="1" mb="0" cb="0" />
            <line nr="2463" mi="0" ci="4" mb="0" cb="2" />
            <line nr="2464" mi="0" ci="3" mb="0" cb="0" />
            <line nr="2466" mi="0" ci="2" mb="0" cb="0" />
            <line nr="2469" mi="0" ci="1" mb="0" cb="0" />
            <line nr="2470" mi="0" ci="4" mb="0" cb="2" />
            <line nr="2471" mi="0" ci="3" mb="0" cb="0" />
            <line nr="2473" mi="0" ci="2" mb="0" cb="0" />
            <line nr="2474" mi="0" ci="1" mb="0" cb="0" />
            <line nr="2481" mi="0" ci="1" mb="0" cb="0" />
            <line nr="2483" mi="0" ci="5" mb="0" cb="2" />
            <line nr="2484" mi="0" ci="2" mb="0" cb="0" />
            <line nr="2485" mi="0" ci="4" mb="0" cb="2" />
            <line nr="2486" mi="0" ci="4" mb="0" cb="0" />
            <line nr="2487" mi="0" ci="8" mb="0" cb="0" />
            <line nr="2488" mi="0" ci="4" mb="0" cb="2" />
            <line nr="2489" mi="0" ci="2" mb="0" cb="0" />
            <line nr="2490" mi="0" ci="6" mb="0" cb="0" />
            <line nr="2491" mi="8" ci="5" mb="3" cb="1" />
            <line nr="2492" mi="4" ci="0" mb="0" cb="0" />
            <line nr="2493" mi="8" ci="5" mb="3" cb="1" />
            <line nr="2494" mi="4" ci="0" mb="0" cb="0" />
            <line nr="2495" mi="1" ci="12" mb="1" cb="3" />
            <line nr="2496" mi="0" ci="5" mb="0" cb="0" />
            <line nr="2497" mi="7" ci="5" mb="3" cb="1" />
            <line nr="2498" mi="4" ci="0" mb="0" cb="0" />
            <line nr="2500" mi="0" ci="3" mb="0" cb="2" />
            <line nr="2501" mi="0" ci="1" mb="0" cb="0" />
            <line nr="2503" mi="0" ci="1" mb="0" cb="0" />
            <line nr="2509" mi="0" ci="1" mb="0" cb="0" />
            <line nr="2510" mi="0" ci="3" mb="0" cb="0" />
            <line nr="2522" mi="0" ci="3" mb="0" cb="0" />
            <line nr="2523" mi="0" ci="1" mb="0" cb="0" />
            <line nr="2524" mi="0" ci="2" mb="0" cb="0" />
            <line nr="2544" mi="0" ci="3" mb="0" cb="2" />
            <line nr="2545" mi="0" ci="3" mb="0" cb="0" />
            <line nr="2548" mi="0" ci="2" mb="0" cb="2" />
            <line nr="2549" mi="0" ci="1" mb="0" cb="0" />
            <line nr="2552" mi="0" ci="1" mb="0" cb="0" />
            <line nr="2556" mi="0" ci="1" mb="0" cb="0" />
            <line nr="2557" mi="0" ci="1" mb="0" cb="0" />
            <line nr="2558" mi="0" ci="4" mb="1" cb="1" />
            <line nr="2559" mi="4" ci="0" mb="0" cb="0" />
            <line nr="2560" mi="4" ci="0" mb="0" cb="0" />
            <line nr="2562" mi="0" ci="2" mb="0" cb="0" />
            <line nr="2563" mi="0" ci="2" mb="0" cb="0" />
            <line nr="2565" mi="0" ci="2" mb="0" cb="0" />
            <line nr="2567" mi="0" ci="1" mb="0" cb="0" />
            <line nr="2568" mi="0" ci="3" mb="0" cb="0" />
            <line nr="2569" mi="0" ci="1" mb="0" cb="0" />
            <line nr="2571" mi="0" ci="1" mb="0" cb="0" />
            <line nr="2575" mi="3" ci="0" mb="0" cb="0" />
            <line nr="2579" mi="1" ci="0" mb="0" cb="0" />
            <line nr="2583" mi="0" ci="1" mb="0" cb="0" />
            <line nr="2584" mi="0" ci="3" mb="0" cb="2" />
            <line nr="2585" mi="0" ci="3" mb="0" cb="0" />
            <line nr="2586" mi="0" ci="1" mb="0" cb="0" />
            <line nr="2587" mi="0" ci="5" mb="0" cb="2" />
            <line nr="2588" mi="0" ci="1" mb="0" cb="0" />
            <line nr="2589" mi="0" ci="3" mb="0" cb="2" />
            <line nr="2590" mi="0" ci="2" mb="0" cb="0" />
            <line nr="2593" mi="0" ci="2" mb="0" cb="0" />
            <line nr="2594" mi="0" ci="3" mb="1" cb="1" />
            <line nr="2595" mi="0" ci="3" mb="0" cb="0" />
            <line nr="2597" mi="2" ci="0" mb="0" cb="0" />
            <line nr="2602" mi="0" ci="2" mb="0" cb="0" />
            <line nr="2606" mi="2" ci="0" mb="0" cb="0" />
            <line nr="2610" mi="8" ci="0" mb="2" cb="0" />
            <line nr="2614" mi="2" ci="0" mb="0" cb="0" />
            <line nr="2618" mi="0" ci="2" mb="0" cb="0" />
            <line nr="2622" mi="2" ci="0" mb="0" cb="0" />
            <line nr="2626" mi="2" ci="0" mb="0" cb="0" />
            <line nr="2630" mi="2" ci="0" mb="0" cb="0" />
            <line nr="2634" mi="2" ci="0" mb="0" cb="0" />
            <line nr="2638" mi="2" ci="0" mb="0" cb="0" />
            <line nr="2642" mi="2" ci="0" mb="0" cb="0" />
            <line nr="2649" mi="2" ci="0" mb="0" cb="0" />
            <line nr="2653" mi="0" ci="5" mb="1" cb="1" />
            <line nr="2654" mi="3" ci="0" mb="0" cb="0" />
            <line nr="2656" mi="0" ci="3" mb="0" cb="0" />
            <line nr="2660" mi="2" ci="0" mb="0" cb="0" />
            <counter type="INSTRUCTION" missed="829" covered="2791" />
            <counter type="BRANCH" missed="251" covered="529" />
            <counter type="LINE" missed="240" covered="984" />
            <counter type="CLASS" missed="19" covered="0" />
        </sourcefile>
        <counter type="INSTRUCTION" missed="2296" covered="9800" />
        <counter type="BRANCH" missed="642" covered="1698" />
        <counter type="LINE" missed="758" covered="3476" />
        <counter type="CLASS" missed="44" covered="0" />
    </package>
    <package name="com/android/vcard/exception">
        <class name="com/android/vcard/exception/VCardException">
            <method name="&lt;init&gt;" desc="(Ljava/lang/String;)V" line="31">
                <counter type="INSTRUCTION" missed="0" covered="2" />
                <counter type="LINE" missed="0" covered="2" />
            </method>
            <method name="&lt;init&gt;" desc="()V" line="22">
                <counter type="INSTRUCTION" missed="0" covered="2" />
                <counter type="LINE" missed="0" covered="2" />
            </method>
            <counter type="INSTRUCTION" missed="0" covered="4" />
            <counter type="LINE" missed="0" covered="4" />
            <counter type="CLASS" missed="1" covered="0" />
        </class>
        <sourcefile name="VCardException.java">
            <line nr="22" mi="0" ci="1" mb="0" cb="0" />
            <line nr="23" mi="0" ci="1" mb="0" cb="0" />
            <line nr="31" mi="0" ci="1" mb="0" cb="0" />
            <line nr="32" mi="0" ci="1" mb="0" cb="0" />
            <counter type="INSTRUCTION" missed="0" covered="4" />
            <counter type="LINE" missed="0" covered="4" />
            <counter type="CLASS" missed="1" covered="0" />
        </sourcefile>
        <counter type="INSTRUCTION" missed="20" covered="8" />
        <counter type="LINE" missed="20" covered="8" />
        <counter type="CLASS" missed="7" covered="0" />
    </package>
    <counter type="INSTRUCTION" missed="2316" covered="9808" />
    <counter type="BRANCH" missed="642" covered="1698" />
    <counter type="LINE" missed="778" covered="3484" />
    <counter type="CLASS" missed="51" covered="0" />
</report>
